2026-07-20 12:34:39 - INFO - ================ TRAINING STARTED ================
2026-07-20 12:34:56 - INFO - ================ Starting epoch: 1 ================
2026-07-20 12:35:02 - INFO - ------ TRAINING METRICS (Epoch 1) ------
2026-07-20 12:35:02 - INFO - Loss: 0.1646
2026-07-20 12:35:02 - INFO - Overall Precision: 0.6977
2026-07-20 12:35:02 - INFO - Overall Recall:    0.5367
2026-07-20 12:35:02 - INFO - Overall F1:        0.6067
2026-07-20 12:35:02 - INFO - Overall Accuracy:  0.9574
2026-07-20 12:35:02 - INFO - Entity Level (MOUNTAIN):
2026-07-20 12:35:02 - INFO -   Precision: 0.6977
2026-07-20 12:35:02 - INFO -   Recall:    0.5367
2026-07-20 12:35:02 - INFO -   F1:        0.6067
2026-07-20 12:35:02 - INFO - ------------------------------------------------------------
2026-07-20 12:35:03 - INFO - ------ VALIDATION METRICS (Epoch 1) ------ 
2026-07-20 12:35:03 - INFO - Loss: 0.0225
2026-07-20 12:35:03 - INFO - Overall Precision: 0.9211
2026-07-20 12:35:03 - INFO - Overall Recall:    0.9496
2026-07-20 12:35:03 - INFO - Overall F1:        0.9351
2026-07-20 12:35:03 - INFO - Overall Accuracy:  0.9950
2026-07-20 12:35:03 - INFO - Entity Level (MOUNTAIN):
2026-07-20 12:35:03 - INFO -   Precision: 0.9211
2026-07-20 12:35:03 - INFO -   Recall:    0.9496
2026-07-20 12:35:03 - INFO -   F1:        0.9351
2026-07-20 12:35:03 - INFO - ------------------------------------------------------------
2026-07-20 12:35:04 - INFO - ================ Starting epoch: 2 ================
2026-07-20 12:35:10 - INFO - ------ TRAINING METRICS (Epoch 2) ------
2026-07-20 12:35:10 - INFO - Loss: 0.0194
2026-07-20 12:35:10 - INFO - Overall Precision: 0.9217
2026-07-20 12:35:10 - INFO - Overall Recall:    0.9313
2026-07-20 12:35:10 - INFO - Overall F1:        0.9265
2026-07-20 12:35:10 - INFO - Overall Accuracy:  0.9948
2026-07-20 12:35:10 - INFO - Entity Level (MOUNTAIN):
2026-07-20 12:35:10 - INFO -   Precision: 0.9217
2026-07-20 12:35:10 - INFO -   Recall:    0.9313
2026-07-20 12:35:10 - INFO -   F1:        0.9265
2026-07-20 12:35:10 - INFO - ------------------------------------------------------------
2026-07-20 12:35:11 - INFO - ------ VALIDATION METRICS (Epoch 2) ------ 
2026-07-20 12:35:11 - INFO - Loss: 0.0178
2026-07-20 12:35:11 - INFO - Overall Precision: 0.9148
2026-07-20 12:35:11 - INFO - Overall Recall:    0.9574
2026-07-20 12:35:11 - INFO - Overall F1:        0.9356
2026-07-20 12:35:11 - INFO - Overall Accuracy:  0.9944
2026-07-20 12:35:11 - INFO - Entity Level (MOUNTAIN):
2026-07-20 12:35:11 - INFO -   Precision: 0.9148
2026-07-20 12:35:11 - INFO -   Recall:    0.9574
2026-07-20 12:35:11 - INFO -   F1:        0.9356
2026-07-20 12:35:11 - INFO - ------------------------------------------------------------
